Unity Editor version:    2022.3.45f1 (a13dfa44d684)
Branch:                  2022.3/staging
Build type:              Release
Batch mode:              YES
System name:             Linux
Distro version:          #202-Ubuntu SMP Fri Apr 26 12:29:36 UTC 2024
Kernel version:          5.4.0-182-generic
Architecture:            x86_64
Available memory:        128749 MB
[Licensing::Module] Trying to connect to existing licensing client channel...
[Licensing::IpcConnector] Connection attempt to the License Client on channel: "LicenseClient-root" failed because channel doesn't exist; code: "0x80000002"
[Licensing::Module] Successfully launched the LicensingClient (PId: 19692)
[Licensing::IpcConnector] Successfully connected to the License Client on channel: "LicenseClient-root" at "2024-09-10T13:02:06.387674Z"
[SignatureVerifier] Application signature verification not supported on this platform.
[Licensing::Client] Handshaking with LicensingClient:
  Version:                 1.15.5+a2f8afb
  Session Id:              6204a31c08e04b04b6a7ccb55d1a10c0
  Correlation Id:          0a1de86dc4caa2ce0656e0c44d9295af
  External correlation Id: 6596182737609059856
  Machine Id:              D7nTUnjNAmtsUMcnoyrqkgIbYdM=
[Licensing::Module] Successfully connected to LicensingClient on channel: "LicenseClient-root" (connect: 1.13s, validation: 0.10s, handshake: 0.00s)
[Licensing::IpcConnector] Successfully connected to the License Notification on channel: "LicenseClient-root-notifications" at "2024-09-10T13:02:06.487579Z"
[Licensing::Module] Connected to LicensingClient (PId: 19692, launch time: 0.00, total connection time: 1.23s)
[Licensing::Module] Error: Access token is unavailable; failed to update
[Licensing::Client] Successfully updated license
[Licensing::Client] Successfully resolved entitlement details
[Licensing::Module] Serial number assigned to: "SC-7FKB-MXYU-D5Y4-XQMD-XXXX"
Pro License: YES
Initialize udev device monitor.
[Licensing::Client] Successfully resolved entitlement details

COMMAND LINE ARGUMENTS:
Unity
-quit
-nographics
-batchmode
-buildTarget
Android
-customBuildTarget
Android
-customBuildName
ExampleProjectName
-customBuildPath
./Builds/Android/
-logFile
build.log
/root/unity_empty_project
[UnityMemory] Configuration Parameters - Can be set up in boot.config
    "memorysetup-bucket-allocator-granularity=16"
    "memorysetup-bucket-allocator-bucket-count=8"
    "memorysetup-bucket-allocator-block-size=33554432"
    "memorysetup-bucket-allocator-block-count=8"
    "memorysetup-main-allocator-block-size=16777216"
    "memorysetup-thread-allocator-block-size=16777216"
    "memorysetup-gfx-main-allocator-block-size=16777216"
    "memorysetup-gfx-thread-allocator-block-size=16777216"
    "memorysetup-cache-allocator-block-size=4194304"
    "memorysetup-typetree-allocator-block-size=2097152"
    "memorysetup-profiler-bucket-allocator-granularity=16"
    "memorysetup-profiler-bucket-allocator-bucket-count=8"
    "memorysetup-profiler-bucket-allocator-block-size=33554432"
    "memorysetup-profiler-bucket-allocator-block-count=8"
    "memorysetup-profiler-allocator-block-size=16777216"
    "memorysetup-profiler-editor-allocator-block-size=1048576"
    "memorysetup-temp-allocator-size-main=16777216"
    "memorysetup-job-temp-allocator-block-size=2097152"
    "memorysetup-job-temp-allocator-block-size-background=1048576"
    "memorysetup-job-temp-allocator-reduction-small-platforms=262144"
    "memorysetup-allocator-temp-initial-block-size-main=262144"
    "memorysetup-allocator-temp-initial-block-size-worker=262144"
    "memorysetup-temp-allocator-size-background-worker=32768"
    "memorysetup-temp-allocator-size-job-worker=262144"
    "memorysetup-temp-allocator-size-preload-manager=33554432"
    "memorysetup-temp-allocator-size-nav-mesh-worker=65536"
    "memorysetup-temp-allocator-size-audio-worker=65536"
    "memorysetup-temp-allocator-size-cloud-worker=32768"
    "memorysetup-temp-allocator-size-gi-baking-worker=262144"
    "memorysetup-temp-allocator-size-gfx=262144"
Player connection [139861899613120]  Target information:

Player connection [139861899613120]  * "[IP] 172.17.0.3 [Port] 55504 [Flags] 2 [Guid] 3779012756 [EditorId] 3779012756 [Version] 1048832 [Id] LinuxEditor(16,172.17.0.3) [Debug] 1 [PackageName] LinuxEditor [ProjectName] Editor" 

Player connection [139861899613120] Host joined multi-casting on [225.0.0.222:54997]...
Player connection [139861899613120] Host joined alternative multi-casting on [225.0.0.222:34997]...
[PhysX] Initialized MultithreadedTaskDispatcher with 113 workers.
[Package Manager] UpmClient::Connect -- Connected to IPC stream "Upm-19562" after 0.4 seconds.
[Package Manager] Restoring resolved packages state from cache
[Licensing::Client] Successfully resolved entitlement details
[Package Manager] Registered 47 packages:
  Packages from [https://packages.unity.com]:
    com.unity.collab-proxy@2.5.1 (location: /root/unity_empty_project/Library/PackageCache/com.unity.collab-proxy@2.5.1)
    com.unity.textmeshpro@3.0.6 (location: /root/unity_empty_project/Library/PackageCache/com.unity.textmeshpro@3.0.6)
    com.unity.timeline@1.7.6 (location: /root/unity_empty_project/Library/PackageCache/com.unity.timeline@1.7.6)
    com.unity.visualscripting@1.9.4 (location: /root/unity_empty_project/Library/PackageCache/com.unity.visualscripting@1.9.4)
    com.unity.ide.visualstudio@2.0.22 (location: /root/unity_empty_project/Library/PackageCache/com.unity.ide.visualstudio@2.0.22)
    com.unity.ide.rider@3.0.31 (location: /root/unity_empty_project/Library/PackageCache/com.unity.ide.rider@3.0.31)
    com.unity.ide.vscode@1.2.5 (location: /root/unity_empty_project/Library/PackageCache/com.unity.ide.vscode@1.2.5)
    com.unity.editorcoroutines@1.0.0 (location: /root/unity_empty_project/Library/PackageCache/com.unity.editorcoroutines@1.0.0)
    com.unity.performance.profile-analyzer@1.2.2 (location: /root/unity_empty_project/Library/PackageCache/com.unity.performance.profile-analyzer@1.2.2)
    com.unity.test-framework@1.1.33 (location: /root/unity_empty_project/Library/PackageCache/com.unity.test-framework@1.1.33)
    com.unity.testtools.codecoverage@1.2.6 (location: /root/unity_empty_project/Library/PackageCache/com.unity.testtools.codecoverage@1.2.6)
    com.unity.settings-manager@2.0.1 (location: /root/unity_empty_project/Library/PackageCache/com.unity.settings-manager@2.0.1)
    com.unity.ext.nunit@1.0.6 (location: /root/unity_empty_project/Library/PackageCache/com.unity.ext.nunit@1.0.6)
  Built-in packages:
    com.unity.feature.development@1.0.1 (location: /root/unity_empty_project/Library/PackageCache/com.unity.feature.development@1.0.1)
    com.unity.ugui@1.0.0 (location: /root/unity_empty_project/Library/PackageCache/com.unity.ugui@1.0.0)
    com.unity.modules.ai@1.0.0 (location: /root/unity_empty_project/Library/PackageCache/com.unity.modules.ai@1.0.0)
    com.unity.modules.androidjni@1.0.0 (location: /root/unity_empty_project/Library/PackageCache/com.unity.modules.androidjni@1.0.0)
    com.unity.modules.animation@1.0.0 (location: /root/unity_empty_project/Library/PackageCache/com.unity.modules.animation@1.0.0)
    com.unity.modules.assetbundle@1.0.0 (location: /root/unity_empty_project/Library/PackageCache/com.unity.modules.assetbundle@1.0.0)
    com.unity.modules.audio@1.0.0 (location: /root/unity_empty_project/Library/PackageCache/com.unity.modules.audio@1.0.0)
    com.unity.modules.cloth@1.0.0 (location: /root/unity_empty_project/Library/PackageCache/com.unity.modules.cloth@1.0.0)
    com.unity.modules.director@1.0.0 (location: /root/unity_empty_project/Library/PackageCache/com.unity.modules.director@1.0.0)
    com.unity.modules.imageconversion@1.0.0 (location: /root/unity_empty_project/Library/PackageCache/com.unity.modules.imageconversion@1.0.0)
    com.unity.modules.imgui@1.0.0 (location: /root/unity_empty_project/Library/PackageCache/com.unity.modules.imgui@1.0.0)
    com.unity.modules.jsonserialize@1.0.0 (location: /root/unity_empty_project/Library/PackageCache/com.unity.modules.jsonserialize@1.0.0)
    com.unity.modules.particlesystem@1.0.0 (location: /root/unity_empty_project/Library/PackageCache/com.unity.modules.particlesystem@1.0.0)
    com.unity.modules.physics@1.0.0 (location: /root/unity_empty_project/Library/PackageCache/com.unity.modules.physics@1.0.0)
    com.unity.modules.physics2d@1.0.0 (location: /root/unity_empty_project/Library/PackageCache/com.unity.modules.physics2d@1.0.0)
    com.unity.modules.screencapture@1.0.0 (location: /root/unity_empty_project/Library/PackageCache/com.unity.modules.screencapture@1.0.0)
    com.unity.modules.terrain@1.0.0 (location: /root/unity_empty_project/Library/PackageCache/com.unity.modules.terrain@1.0.0)
    com.unity.modules.terrainphysics@1.0.0 (location: /root/unity_empty_project/Library/PackageCache/com.unity.modules.terrainphysics@1.0.0)
    com.unity.modules.tilemap@1.0.0 (location: /root/unity_empty_project/Library/PackageCache/com.unity.modules.tilemap@1.0.0)
    com.unity.modules.ui@1.0.0 (location: /root/unity_empty_project/Library/PackageCache/com.unity.modules.ui@1.0.0)
    com.unity.modules.uielements@1.0.0 (location: /root/unity_empty_project/Library/PackageCache/com.unity.modules.uielements@1.0.0)
    com.unity.modules.umbra@1.0.0 (location: /root/unity_empty_project/Library/PackageCache/com.unity.modules.umbra@1.0.0)
    com.unity.modules.unityanalytics@1.0.0 (location: /root/unity_empty_project/Library/PackageCache/com.unity.modules.unityanalytics@1.0.0)
    com.unity.modules.unitywebrequest@1.0.0 (location: /root/unity_empty_project/Library/PackageCache/com.unity.modules.unitywebrequest@1.0.0)
    com.unity.modules.unitywebrequestassetbundle@1.0.0 (location: /root/unity_empty_project/Library/PackageCache/com.unity.modules.unitywebrequestassetbundle@1.0.0)
    com.unity.modules.unitywebrequestaudio@1.0.0 (location: /root/unity_empty_project/Library/PackageCache/com.unity.modules.unitywebrequestaudio@1.0.0)
    com.unity.modules.unitywebrequesttexture@1.0.0 (location: /root/unity_empty_project/Library/PackageCache/com.unity.modules.unitywebrequesttexture@1.0.0)
    com.unity.modules.unitywebrequestwww@1.0.0 (location: /root/unity_empty_project/Library/PackageCache/com.unity.modules.unitywebrequestwww@1.0.0)
    com.unity.modules.vehicles@1.0.0 (location: /root/unity_empty_project/Library/PackageCache/com.unity.modules.vehicles@1.0.0)
    com.unity.modules.video@1.0.0 (location: /root/unity_empty_project/Library/PackageCache/com.unity.modules.video@1.0.0)
    com.unity.modules.vr@1.0.0 (location: /root/unity_empty_project/Library/PackageCache/com.unity.modules.vr@1.0.0)
    com.unity.modules.wind@1.0.0 (location: /root/unity_empty_project/Library/PackageCache/com.unity.modules.wind@1.0.0)
    com.unity.modules.xr@1.0.0 (location: /root/unity_empty_project/Library/PackageCache/com.unity.modules.xr@1.0.0)
    com.unity.modules.subsystems@1.0.0 (location: /root/unity_empty_project/Library/PackageCache/com.unity.modules.subsystems@1.0.0)
[Subsystems] No new subsystems found in resolved package list.
Package Manager log level set to [2]
[Package Manager] Done registering packages in 0.07 seconds
[Licensing::Client] Successfully resolved entitlement details
Targeting platform: Android
Refreshing native plugins compatible for Editor in 5.36 ms, found 0 plugins.
Preloading 0 native plugins for Editor in 0.00 ms.
Initialize engine version: 2022.3.45f1 (a13dfa44d684)
[Subsystems] Discovering subsystems at path /opt/unity/editors/2022.3.45f1/Editor/Data/Resources/UnitySubsystems
[Subsystems] Discovering subsystems at path /root/unity_empty_project/Assets
Forcing GfxDevice: Null
GfxDevice: creating device client; threaded=0; jobified=0
NullGfxDevice:
    Version:  NULL 1.0 [1.0]
    Renderer: Null Device
    Vendor:   Unity Technologies
[Licensing::Client] Successfully resolved entitlement details
Initialize mono
Mono path[0] = '/opt/unity/editors/2022.3.45f1/Editor/Data/Managed'
Mono path[1] = '/opt/unity/editors/2022.3.45f1/Editor/Data/MonoBleedingEdge/lib/mono/unityjit-linux'
Mono config path = '/opt/unity/editors/2022.3.45f1/Editor/Data/MonoBleedingEdge/etc'
Using monoOptions --debugger-agent=transport=dt_socket,embedding=1,server=y,suspend=n,address=127.0.0.1:56562
Using cacheserver namespaces - metadata:defaultmetadata, artifacts:defaultartifacts
Using cacheserver namespaces - metadata:defaultmetadata, artifacts:defaultartifacts
ImportWorker Server TCP listen port: 0
Begin MonoManager ReloadAssembly
Registering precompiled unity dll's ...
Register platform support module: /opt/unity/editors/2022.3.45f1/Editor/Data/PlaybackEngines/AndroidPlayer/UnityEditor.Android.Extensions.dll
Register platform support module: /opt/unity/editors/2022.3.45f1/Editor/Data/PlaybackEngines/LinuxStandaloneSupport/UnityEditor.LinuxStandalone.Extensions.dll
Registered in 0.023192 seconds.
- Loaded All Assemblies, in  0.818 seconds
Native extension for LinuxStandalone target not found
Native extension for Android target not found
Android Extension - Scanning For ADB Devices 102 ms
Mono: successfully reloaded assembly
- Finished resetting the current domain, in  0.816 seconds
Domain Reload Profiling: 1634ms
	BeginReloadAssembly (206ms)
		ExecutionOrderSort (0ms)
		DisableScriptedObjects (0ms)
		BackupInstance (0ms)
		ReleaseScriptingObjects (0ms)
		CreateAndSetChildDomain (8ms)
	RebuildCommonClasses (118ms)
	RebuildNativeTypeToScriptingClass (22ms)
	initialDomainReloadingComplete (160ms)
	LoadAllAssembliesAndSetupDomain (311ms)
		LoadAssemblies (199ms)
		RebuildTransferFunctionScriptingTraits (0ms)
		AnalyzeDomain (308ms)
			TypeCache.Refresh (304ms)
				TypeCache.ScanAssembly (277ms)
			ScanForSourceGeneratedMonoScriptInfo (1ms)
			ResolveRequiredComponents (1ms)
	FinalizeReload (817ms)
		ReleaseScriptCaches (0ms)
		RebuildScriptCaches (0ms)
		SetupLoadedEditorAssemblies (696ms)
			LogAssemblyErrors (0ms)
			InitializePlatformSupportModulesInManaged (316ms)
			SetLoadedEditorAssemblies (9ms)
			RefreshPlugins (0ms)
			BeforeProcessingInitializeOnLoad (3ms)
			ProcessInitializeOnLoadAttributes (273ms)
			ProcessInitializeOnLoadMethodAttributes (94ms)
			AfterProcessingInitializeOnLoad (0ms)
			EditorAssembliesLoaded (0ms)
		ExecutionOrderSort2 (0ms)
		AwakeInstancesAfterBackupRestoration (0ms)
[Licensing::Client] Successfully resolved entitlement details
[Licensing::Client] Successfully resolved entitlement details
Application.AssetDatabase Initial Refresh Start
[40m[32minfo[39m[22m[49m: Microsoft.Hosting.Lifetime[14]
      Now listening on: http://unix:/tmp/ilpp.sock-085ff6d7a6c4ef8d9a7269774ae5f9e1
[40m[32minfo[39m[22m[49m: Microsoft.Hosting.Lifetime[0]
      Application started. Press Ctrl+C to shut down.
[40m[32minfo[39m[22m[49m: Microsoft.Hosting.Lifetime[0]
      Hosting environment: Production
[40m[32minfo[39m[22m[49m: Microsoft.Hosting.Lifetime[0]
      Content root path: /root/unity_empty_project/
[40m[32minfo[39m[22m[49m: Microsoft.AspNetCore.Hosting.Diagnostics[1]
      Request starting HTTP/2 POST http://ilpp/UnityILPP.PostProcessing/Ping application/grpc -
[40m[32minfo[39m[22m[49m: Microsoft.AspNetCore.Routing.EndpointMiddleware[0]
      Executing endpoint 'gRPC - /UnityILPP.PostProcessing/Ping'
[40m[32minfo[39m[22m[49m: Microsoft.AspNetCore.Routing.EndpointMiddleware[1]
      Executed endpoint 'gRPC - /UnityILPP.PostProcessing/Ping'
[40m[32minfo[39m[22m[49m: Microsoft.AspNetCore.Hosting.Diagnostics[2]
      Request finished HTTP/2 POST http://ilpp/UnityILPP.PostProcessing/Ping application/grpc - - 200 - application/grpc 108.4378ms
Starting: /opt/unity/editors/2022.3.45f1/Editor/Data/bee_backend --dont-print-to-structured-log --ipc --defer-dag-verification --dagfile="Library/Bee/1300b0aE.dag" --continue-on-failure --profile="Library/Bee/backend1.traceevents" ScriptAssemblies
WorkingDir: /root/unity_empty_project
DisplayProgressbar: Compiling Scripts
ExitCode: 0 Duration: 0s428ms
*** Tundra build success (0.37 seconds), 0 items updated, 329 evaluated
Total cache size 11483980
Total cache size after purge 11483980
AssetDatabase: script compilation time: 1.961836s
Begin MonoManager ReloadAssembly
- Loaded All Assemblies, in  1.564 seconds
Refreshing native plugins compatible for Editor in 2.68 ms, found 0 plugins.
Preloading 0 native plugins for Editor in 0.00 ms.
Refreshing native plugins compatible for Editor in 2.75 ms, found 0 plugins.
Native extension for LinuxStandalone target not found
Native extension for Android target not found
Mono: successfully reloaded assembly
- Finished resetting the current domain, in  1.934 seconds
Domain Reload Profiling: 3498ms
	BeginReloadAssembly (327ms)
		ExecutionOrderSort (0ms)
		DisableScriptedObjects (14ms)
		BackupInstance (0ms)
		ReleaseScriptingObjects (0ms)
		CreateAndSetChildDomain (93ms)
	RebuildCommonClasses (91ms)
	RebuildNativeTypeToScriptingClass (21ms)
	initialDomainReloadingComplete (70ms)
	LoadAllAssembliesAndSetupDomain (1052ms)
		LoadAssemblies (769ms)
		RebuildTransferFunctionScriptingTraits (0ms)
		AnalyzeDomain (423ms)
			TypeCache.Refresh (365ms)
				TypeCache.ScanAssembly (333ms)
			ScanForSourceGeneratedMonoScriptInfo (40ms)
			ResolveRequiredComponents (13ms)
	FinalizeReload (1935ms)
		ReleaseScriptCaches (0ms)
		RebuildScriptCaches (0ms)
		SetupLoadedEditorAssemblies (1532ms)
			LogAssemblyErrors (0ms)
			InitializePlatformSupportModulesInManaged (46ms)
			SetLoadedEditorAssemblies (7ms)
			RefreshPlugins (0ms)
			BeforeProcessingInitializeOnLoad (144ms)
			ProcessInitializeOnLoadAttributes (1259ms)
			ProcessInitializeOnLoadMethodAttributes (62ms)
			AfterProcessingInitializeOnLoad (13ms)
			EditorAssembliesLoaded (0ms)
		ExecutionOrderSort2 (0ms)
		AwakeInstancesAfterBackupRestoration (9ms)
Asset Pipeline Refresh (id=a4c475c5505f7ee4888803c921ee032d): Total: 11.642 seconds - Initiated by InitialRefreshV2(ForceSynchronousImport)
	Summary:
		Imports: total=0 (actual=0, local cache=0, cache server=0)
		Asset DB Process Time: managed=0 ms, native=5945 ms
		Asset DB Callback time: managed=22 ms, native=0 ms
		Scripting: domain reloads=1, domain reload time=3633 ms, compile time=1962 ms, other=77 ms
		Project Asset Count: scripts=3692, non-scripts=578
		Asset File Changes: new=0, changed=0, moved=0, deleted=0
		Scan Filter Count: 1
	InvokeBeforeRefreshCallbacks: 0.392ms
	ApplyChangesToAssetFolders: 0.157ms
	Scan: 4574.822ms
	OnSourceAssetsModified: 0.004ms
	GetAllGuidsForCategorization: 1.685ms
	CategorizeAssets: 239.721ms
	ImportOutOfDateAssets: 2017.206ms (2.270ms without children)
		CompileScripts: 1962.382ms
		ReloadNativeAssets: 0.001ms
		UnloadImportedAssets: 34.100ms
		EnsureUptoDateAssetsAreRegisteredWithGuidPM: 3.751ms
		InitializingProgressBar: 0.001ms
		PostProcessAllAssetNotificationsAddChangedAssets: 0.001ms
		OnDemandSchedulerStart: 14.699ms
	PostProcessAllAssets: 22.883ms
	GatherAllCurrentPrimaryArtifactRevisions: 0.001ms
	UnloadStreamsBegin: 0.547ms
	PersistCurrentRevisions: 0.301ms
	UnloadStreamsEnd: 0.116ms
	GenerateScriptTypeHashes: 1.476ms
	Untracked: 4784.042ms
Application.AssetDatabase Initial Refresh End
Scanning for USB devices : 3.872ms
Initializing Unity extensions:
[Licensing::Client] Successfully resolved entitlement details
UpdateMenuTitleForLanguage: 10
[MODES] ModeService[none].Initialize
[MODES] ModeService[none].LoadModes
[MODES] Loading mode Default (0) for mode-current-id-TestProject
[PhysX] Initialized MultithreadedTaskDispatcher with 113 workers.
ProgressiveSceneManager::Cancel()
Unloading 5 Unused Serialized files (Serialized files now loaded: 0)
Unloading 47 unused Assets / (422.5 KB). Loaded Objects now: 3589.
Memory consumption went from 106.6 MB to 106.2 MB.
Total: 91.616661 ms (FindLiveObjects: 0.817509 ms CreateObjectMapping: 0.262179 ms MarkObjects: 89.363127 ms  DeleteObjects: 1.168865 ms)

Batchmode quit successfully invoked - shutting down!
Curl error 42: Callback aborted
Killing ADB server in 0.106362 seconds.
[PhysX] Initialized MultithreadedTaskDispatcher with 113 workers.
[Licensing::IpcConnector] License Notification channel disconnected successfully.
[Licensing::IpcConnector] License Client channel disconnected successfully.
[40m[32minfo[39m[22m[49m: Microsoft.Hosting.Lifetime[0]
      Application is shutting down...
Cleanup mono
debugger-agent: Unable to listen on 45
[Performance] Application.InitializeProject                                                                                  :        1 samples, Peak.  15.7 s (1.0x), Avg.  15.7 s, Total. 15.71 s (64.2%)
[Performance] Application.PackageManager.StartServer                                                                         :        1 samples, Peak.  3.50 ms (1.0x), Avg.  3.50 ms, Total. 3.496 ms (0.0%)
[Performance] Application.AcquireProjectLock                                                                                 :        1 samples, Peak.  1.75 ms (1.0x), Avg.  1.75 ms, Total. 1.747 ms (0.0%)
[Performance] Application.InitializeEngineNoGraphics                                                                         :        1 samples, Peak.   270 ms (1.0x), Avg.   270 ms, Total. 269.5 ms (1.1%)
[Performance] Application.PackageManager.Initialize                                                                          :        1 samples, Peak.   431 ms (1.0x), Avg.   431 ms, Total. 430.6 ms (1.8%)
[Performance] Connecting to Package Manager                                                                                  :       44 samples, Peak.  78.1 us (10.6x), Avg.  7.33 us, Total. 322.7 us (0.0%)
[Performance] Application.EngineGraphics.Initialize                                                                          :        1 samples, Peak.  31.2 ms (1.0x), Avg.  31.2 ms, Total. 31.22 ms (0.1%)
[Performance] Application.GI.Initialize                                                                                      :        1 samples, Peak.   578 ms (1.0x), Avg.   578 ms, Total. 578.4 ms (2.4%)
[Performance] Application.LoadAllDefaultResourcesFromEditor                                                                  :        1 samples, Peak.  5.00 ms (1.0x), Avg.  5.00 ms, Total. 5.004 ms (0.0%)
[Performance] Application.LoadMonoAssemblies                                                                                 :        1 samples, Peak.  1.68 s (1.0x), Avg.  1.68 s, Total. 1.677 s (6.9%)
[Performance] RestoreManagedReferences                                                                                       :        2 samples, Peak.   174 ms (2.0x), Avg.  86.8 ms, Total. 173.5 ms (0.7%)
[Performance] InitializeOnLoad PlayModeDownload                                                                              :        2 samples, Peak.  17.8 ms (1.8x), Avg.  10.0 ms, Total. 20.06 ms (0.1%)
[Performance] InitializeOnLoad AssetStoreContext                                                                             :        2 samples, Peak.  60.5 ms (1.8x), Avg.  34.4 ms, Total. 68.86 ms (0.3%)
[Performance] InitializeOnLoad DrivenRectTransformUndo                                                                       :        2 samples, Peak.   707 us (1.1x), Avg.   638 us, Total. 1.277 ms (0.0%)
[Performance] InitializeOnLoad NativeFormatImporterUtility                                                                   :        2 samples, Peak.  6.13 ms (1.1x), Avg.  5.46 ms, Total. 10.93 ms (0.0%)
[Performance] InitializeOnLoad AddComponentWindow                                                                            :        2 samples, Peak.   346 us (1.1x), Avg.   307 us, Total. 613.4 us (0.0%)
[Performance] InitializeOnLoad CloudBuild                                                                                    :        2 samples, Peak.  19.1 us (1.4x), Avg.  13.5 us, Total. 27.08 us (0.0%)
[Performance] InitializeOnLoad SceneSearch                                                                                   :        2 samples, Peak.   331 us (1.2x), Avg.   267 us, Total. 534.4 us (0.0%)
[Performance] InitializeOnLoad MenuItems                                                                                     :        2 samples, Peak.   685 us (1.1x), Avg.   626 us, Total. 1.252 ms (0.0%)
[Performance] InitializeOnLoad UISystemProfilerRenderService                                                                 :        2 samples, Peak.  26.6 us (1.3x), Avg.  21.0 us, Total. 41.93 us (0.0%)
[Performance] InitializeOnLoad PrefabInstanceChangedListener                                                                 :        2 samples, Peak.   375 us (1.1x), Avg.   336 us, Total. 671.1 us (0.0%)
[Performance] InitializeOnLoad ManagedDebuggerWindow                                                                         :        2 samples, Peak.  2.06 ms (1.1x), Avg.  1.81 ms, Total. 3.622 ms (0.0%)
[Performance] InitializeOnLoad ProjectSearch                                                                                 :        2 samples, Peak.   172 us (1.3x), Avg.   134 us, Total. 267.8 us (0.0%)
[Performance] InitializeOnLoad ObjectSelectorSearch                                                                          :        2 samples, Peak.   121 us (1.3x), Avg.  92.9 us, Total. 185.7 us (0.0%)
[Performance] InitializeOnLoad ManagedDebugger                                                                               :        2 samples, Peak.  1.21 us (1.0x), Avg.  1.19 us, Total. 2.385 us (0.0%)
[Performance] InitializeOnLoad SettingsService                                                                               :        2 samples, Peak.  30.7 us (1.4x), Avg.  21.9 us, Total. 43.73 us (0.0%)
[Performance] InitializeOnLoad WindowLayout                                                                                  :        2 samples, Peak.   224 us (1.4x), Avg.   164 us, Total. 327.1 us (0.0%)
[Performance] InitializeOnLoad CacheServerWindow                                                                             :        2 samples, Peak.  39.7 us (1.3x), Avg.  30.8 us, Total. 61.51 us (0.0%)
[Performance] InitializeOnLoad EditMode                                                                                      :        2 samples, Peak.   860 us (1.0x), Avg.   844 us, Total. 1.688 ms (0.0%)
[Performance] InitializeOnLoad ShortcutIntegration                                                                           :        2 samples, Peak.   126 us (1.0x), Avg.   125 us, Total. 249.3 us (0.0%)
[Performance] InitializeOnLoad MixerEffectDefinitionReloader                                                                 :        2 samples, Peak.  25.6 ms (1.7x), Avg.  14.9 ms, Total. 29.88 ms (0.1%)
[Performance] InitializeOnLoad UnityConnect                                                                                  :        2 samples, Peak.   184 us (1.1x), Avg.   168 us, Total. 335.2 us (0.0%)
[Performance] InitializeOnLoad SearchService                                                                                 :        2 samples, Peak.   321 us (1.0x), Avg.   321 us, Total. 641.1 us (0.0%)
[Performance] InitializeOnLoad EditorMonitor                                                                                 :        2 samples, Peak.  1.95 ms (1.2x), Avg.  1.69 ms, Total. 3.375 ms (0.0%)
[Performance] InitializeOnLoad RetainedMode                                                                                  :        2 samples, Peak.  7.39 ms (1.1x), Avg.  6.92 ms, Total. 13.85 ms (0.1%)
[Performance] InitializeOnLoad EditorShaderLoader                                                                            :        2 samples, Peak.  2.43 ms (1.1x), Avg.  2.14 ms, Total. 4.281 ms (0.0%)
[Performance] InitializeOnLoad EditorDelegateRegistration                                                                    :        2 samples, Peak.  1.66 ms (1.0x), Avg.  1.59 ms, Total. 3.171 ms (0.0%)
[Performance] InitializeOnLoad UIDocumentHierarchyWatcher                                                                    :        2 samples, Peak.   229 us (1.0x), Avg.   219 us, Total. 438.9 us (0.0%)
[Performance] InitializeOnLoad LiveReloadTrackerCreator                                                                      :        2 samples, Peak.   660 us (1.3x), Avg.   512 us, Total. 1.025 ms (0.0%)
[Performance] InitializeOnLoad UxmlObjectEditorFactories                                                                     :        2 samples, Peak.  1.40 ms (1.1x), Avg.  1.23 ms, Total. 2.452 ms (0.0%)
[Performance] InitializeOnLoad UXMLEditorFactories                                                                           :        2 samples, Peak.   166 ms (1.1x), Avg.   145 ms, Total. 290.5 ms (1.2%)
[Performance] InitializeOnLoad CloudBuildPoller                                                                              :        2 samples, Peak.   744 us (1.0x), Avg.   732 us, Total. 1.464 ms (0.0%)
[Performance] InitializeOnLoad AdsService                                                                                    :        2 samples, Peak.  3.73 ms (1.1x), Avg.  3.53 ms, Total. 7.055 ms (0.0%)
[Performance] InitializeOnLoad EditorGameServicesAnalytics                                                                   :        2 samples, Peak.  3.85 ms (1.3x), Avg.  2.89 ms, Total. 5.789 ms (0.0%)
[Performance] InitializeOnLoad UDPService                                                                                    :        2 samples, Peak.   503 us (1.0x), Avg.   488 us, Total. 975.9 us (0.0%)
[Performance] InitializeOnLoad BuildService                                                                                  :        2 samples, Peak.   461 us (1.2x), Avg.   376 us, Total. 752.3 us (0.0%)
[Performance] InitializeOnLoad ServicesRepository                                                                            :        2 samples, Peak.  1.15 us (1.1x), Avg.  1.07 us, Total. 2.134 us (0.0%)
[Performance] InitializeOnLoad PurchasingService                                                                             :        2 samples, Peak.  13.0 ms (1.1x), Avg.  11.6 ms, Total. 23.18 ms (0.1%)
[Performance] InitializeOnLoad AnalyticsService                                                                              :        2 samples, Peak.   501 us (1.2x), Avg.   415 us, Total. 830.7 us (0.0%)
[Performance] InitializeOnLoad CrashService                                                                                  :        2 samples, Peak.   427 us (1.2x), Avg.   359 us, Total. 718.5 us (0.0%)
[Performance] InitializeOnLoad SearchWindow                                                                                  :        2 samples, Peak.   836 us (1.6x), Avg.   511 us, Total. 1.023 ms (0.0%)
[Performance] InitializeOnLoad SearchMonitor                                                                                 :        2 samples, Peak.  7.14 ms (1.4x), Avg.  5.27 ms, Total. 10.55 ms (0.0%)
[Performance] InitializeOnLoad CustomIndexers                                                                                :        2 samples, Peak.  45.7 ms (1.1x), Avg.  40.5 ms, Total. 80.90 ms (0.3%)
[Performance] InitializeOnLoad ParameterControllerEditor                                                                     :        2 samples, Peak.  68.2 us (1.2x), Avg.  57.3 us, Total. 114.6 us (0.0%)
[Performance] InitializeOnLoad LayerSettingsWindow                                                                           :        2 samples, Peak.  63.7 us (1.7x), Avg.  37.7 us, Total. 75.42 us (0.0%)
[Performance] InitializeOnLoad PackageManagerHookGUIDConverter.RegisterPackagesEventHandler                                  :        2 samples, Peak.  1.65 ms (1.6x), Avg.  1.00 ms, Total. 2.009 ms (0.0%)
[Performance] InitializeOnLoad EditorDragAndDrop.RegisterEditorClient                                                        :        2 samples, Peak.   551 us (1.1x), Avg.   483 us, Total. 965.4 us (0.0%)
[Performance] InitializeOnLoad EditorEventCallbacks.InitializeFontAssetResourceChangeCallBacks                               :        2 samples, Peak.  3.27 ms (1.1x), Avg.  3.07 ms, Total. 6.138 ms (0.0%)
[Performance] InitializeOnLoad SceneTemplateService.Init                                                                     :        2 samples, Peak.  2.88 ms (1.1x), Avg.  2.69 ms, Total. 5.388 ms (0.0%)
[Performance] InitializeOnLoad DiagnosticSwitchesConsoleMessage.Init                                                         :        2 samples, Peak.  9.48 ms (1.6x), Avg.  6.04 ms, Total. 12.09 ms (0.0%)
[Performance] InitializeOnLoad ScopedRegistryAddedPopup.SubscribeToRegistriesAdded                                           :        2 samples, Peak.  54.0 ms (1.5x), Avg.  36.3 ms, Total. 72.56 ms (0.3%)
[Performance] InitializeOnLoad SceneViewMotion.RegisterShortcutContexts                                                      :        2 samples, Peak.   409 us (1.2x), Avg.   348 us, Total. 695.3 us (0.0%)
[Performance] InitializeOnLoad ToolShortcutContext.Init                                                                      :        2 samples, Peak.   332 us (1.2x), Avg.   267 us, Total. 533.5 us (0.0%)
[Performance] InitializeOnLoad AssetPostprocessingInternal.RefreshCustomDependencies                                         :        2 samples, Peak.  6.45 ms (1.0x), Avg.  6.27 ms, Total. 12.55 ms (0.1%)
[Performance] InitializeOnLoad EditorWindow.Initialize                                                                       :        2 samples, Peak.   748 us (1.2x), Avg.   619 us, Total. 1.237 ms (0.0%)
[Performance] InitializeOnLoad MemoryProfilerCompilationGuard.InjectCompileGuard                                             :        2 samples, Peak.   420 us (1.2x), Avg.   353 us, Total. 706.6 us (0.0%)
[Performance] InitializeOnLoad RectSelection.RegisterShortcutContext                                                         :        2 samples, Peak.   525 us (1.3x), Avg.   409 us, Total. 818.3 us (0.0%)
[Performance] InitializeOnLoad SceneVisibilityManager.Initialize                                                             :        2 samples, Peak.  12.0 ms (1.7x), Avg.  7.11 ms, Total. 14.23 ms (0.1%)
[Performance] InitializeOnLoad SysrootManager.Initialize                                                                     :        2 samples, Peak.  31.7 us (1.1x), Avg.  30.0 us, Total. 59.92 us (0.0%)
[Performance] InitializeOnLoad PackageManagerWindow.EditorInitializedInSafeMode                                              :        2 samples, Peak.   387 us (1.1x), Avg.   360 us, Total. 720.4 us (0.0%)
[Performance] AssemblyReloadEvents.afterAssemblyReload: UnityEditor.SceneTemplate.SceneTemplateService.AfterAssemblyReload   :        2 samples, Peak.  8.92 ms (1.8x), Avg.  4.89 ms, Total. 9.779 ms (0.0%)
[Performance] ProcessService.EditorAfterLoadAllAssemblies                                                                    :        2 samples, Peak.   875 us (1.1x), Avg.   779 us, Total. 1.557 ms (0.0%)
[Performance] Application.ReadLicenseInfo                                                                                    :        1 samples, Peak.  33.8 ms (1.0x), Avg.  33.8 ms, Total. 33.81 ms (0.1%)
[Performance] Application.InitialRefresh                                                                                     :        1 samples, Peak.  11.6 s (1.0x), Avg.  11.6 s, Total. 11.65 s (47.6%)
[Performance] Compiling Scripts                                                                                              :        1 samples, Peak.  1.96 s (1.0x), Avg.  1.96 s, Total. 1.962 s (8.0%)
[Performance] AssemblyReloadEvents.beforeAssemblyReload: UnityEditor.SceneTemplate.SceneTemplateService.BeforeAssemblyReload :        1 samples, Peak.  1.04 ms (1.0x), Avg.  1.04 ms, Total. 1.040 ms (0.0%)
[Performance] InitializeOnLoad VSUsageUtility                                                                                :        1 samples, Peak.  55.5 ms (1.0x), Avg.  55.5 ms, Total. 55.49 ms (0.2%)
[Performance] InitializeOnLoad BackgroundWatcher                                                                             :        1 samples, Peak.   389 us (1.0x), Avg.   389 us, Total. 389.2 us (0.0%)
[Performance] InitializeOnLoad UnityTestProtocolStarter                                                                      :        1 samples, Peak.   645 us (1.0x), Avg.   645 us, Total. 645.2 us (0.0%)
[Performance] InitializeOnLoad TestStarter                                                                                   :        1 samples, Peak.  1.60 ms (1.0x), Avg.  1.60 ms, Total. 1.603 ms (0.0%)
[Performance] InitializeOnLoad RerunCallbackInitializer                                                                      :        1 samples, Peak.  18.1 ms (1.0x), Avg.  18.1 ms, Total. 18.13 ms (0.1%)
[Performance] InitializeOnLoad CoverageReporterStarter                                                                       :        1 samples, Peak.  10.1 ms (1.0x), Avg.  10.1 ms, Total. 10.10 ms (0.0%)
[Performance] InitializeOnLoad PlasticPlugin                                                                                 :        1 samples, Peak.   188 ms (1.0x), Avg.   188 ms, Total. 187.8 ms (0.8%)
[Performance] InitializeOnLoad ToolbarBootstrap                                                                              :        1 samples, Peak.   563 ms (1.0x), Avg.   563 ms, Total. 563.3 ms (2.3%)
[Performance] Package.AsyncRequest                                                                                           :        6 samples, Peak.   999 us (5.9x), Avg.   169 us, Total. 1.014 ms (0.0%)
[Performance] InitializeOnLoad VisualStudioEditor                                                                            :        1 samples, Peak.  19.4 ms (1.0x), Avg.  19.4 ms, Total. 19.38 ms (0.1%)
[Performance] InitializeOnLoad VisualStudioIntegration                                                                       :        1 samples, Peak.  22.8 ms (1.0x), Avg.  22.8 ms, Total. 22.82 ms (0.1%)
[Performance] InitializeOnLoad TestRunnerApiListener                                                                         :        1 samples, Peak.   286 us (1.0x), Avg.   286 us, Total. 285.5 us (0.0%)
[Performance] InitializeOnLoad PrefabLayoutRebuilder                                                                         :        1 samples, Peak.   647 us (1.0x), Avg.   647 us, Total. 647.2 us (0.0%)
[Performance] InitializeOnLoad RiderScriptEditor                                                                             :        1 samples, Peak.  14.4 ms (1.0x), Avg.  14.4 ms, Total. 14.37 ms (0.1%)
[Performance] InitializeOnLoad CallbackInitializer                                                                           :        1 samples, Peak.  6.32 ms (1.0x), Avg.  6.32 ms, Total. 6.316 ms (0.0%)
[Performance] InitializeOnLoad VSCodeScriptEditor                                                                            :        1 samples, Peak.  5.22 ms (1.0x), Avg.  5.22 ms, Total. 5.220 ms (0.0%)
[Performance] InitializeOnLoad TestJobDataHolder.ResumeRunningJobs                                                           :        1 samples, Peak.  5.73 ms (1.0x), Avg.  5.73 ms, Total. 5.734 ms (0.0%)
[Performance] InitializeOnLoad AnalyticsReporter.RegisterCallbacks                                                           :        1 samples, Peak.  4.19 ms (1.0x), Avg.  4.19 ms, Total. 4.194 ms (0.0%)
[Performance] InitializeOnLoad VisualStudioEditor.LegacyVisualStudioCodePackageDisabler                                      :        1 samples, Peak.  9.21 ms (1.0x), Avg.  9.21 ms, Total. 9.213 ms (0.0%)
[Performance] DidReloadScriptsTestRunnerWindow.CompilationCallback                                                           :        1 samples, Peak.  1.49 ms (1.0x), Avg.  1.49 ms, Total. 1.494 ms (0.0%)
[Performance] DidReloadScriptsTestListCache.ScriptReloaded                                                                   :        1 samples, Peak.  6.85 ms (1.0x), Avg.  6.85 ms, Total. 6.845 ms (0.0%)
[Performance] DidReloadScriptsAdvancedDropdownWindow.OnScriptReload                                                          :        1 samples, Peak.   635 us (1.0x), Avg.   635 us, Total. 634.6 us (0.0%)
[Performance] SyncVS.PostprocessSyncProject                                                                                  :        1 samples, Peak.   166 us (1.0x), Avg.   166 us, Total. 166.2 us (0.0%)
[Performance] Application.ImportPackagesAndSetTemplateWhenCreatingProject                                                    :        1 samples, Peak.  29.6 ms (1.0x), Avg.  29.6 ms, Total. 29.63 ms (0.1%)
[Performance] Application.SyncCurrentColorSpace                                                                              :        1 samples, Peak.  10.5 ms (1.0x), Avg.  10.5 ms, Total. 10.54 ms (0.0%)
[Performance] Application.OnUsbDevicesChanged                                                                                :        1 samples, Peak.  3.93 ms (1.0x), Avg.  3.93 ms, Total. 3.935 ms (0.0%)
[Performance] Application.AssetInstanceCacheUpdate                                                                           :        1 samples, Peak.   471 ns (1.0x), Avg.   471 ns, Total. 471.0 ns (0.0%)
[Performance] Application.UnityExtensions.Initialize                                                                         :        1 samples, Peak.  9.40 ms (1.0x), Avg.  9.40 ms, Total. 9.400 ms (0.0%)
[Performance] CodeEditorProjectSync.SyncEditorProject                                                                        :        1 samples, Peak.   295 us (1.0x), Avg.   295 us, Total. 294.9 us (0.0%)
[Performance] Application.ExecuteStartups                                                                                    :        1 samples, Peak.   105 ms (1.0x), Avg.   105 ms, Total. 105.3 ms (0.4%)
[Performance] Menu.RegisterMenuInterface                                                                                     :       26 samples, Peak.  2.91 us (5.7x), Avg.   513 ns, Total. 13.35 us (0.0%)
[Performance] Gizmo.RebuildRenderers                                                                                         :        1 samples, Peak.   102 ms (1.0x), Avg.   102 ms, Total. 102.3 ms (0.4%)
[Performance] Gizmo.AddGizmoRenderers                                                                                        :       60 samples, Peak.  4.42 ms (39.7x), Avg.   112 us, Total. 6.692 ms (0.0%)
[Performance] Application.editorInitializingProject                                                                          :        1 samples, Peak.  31.0 ms (1.0x), Avg.  31.0 ms, Total. 31.00 ms (0.1%)
[Performance] Application.InitializeMenu                                                                                     :        1 samples, Peak.   521 ms (1.0x), Avg.   521 ms, Total. 521.1 ms (2.1%)
[Performance] Menu.RebuildAll                                                                                                :        1 samples, Peak.   521 ms (1.0x), Avg.   521 ms, Total. 521.1 ms (2.1%)
[Performance] Menu.BuildRegisteredMenuInterfaces                                                                             :        1 samples, Peak.   519 ms (1.0x), Avg.   519 ms, Total. 519.1 ms (2.1%)
[Performance] Menu.FilterMenuItem                                                                                            :      546 samples, Peak.   102 ms (541.2x), Avg.   188 us, Total. 102.7 ms (0.4%)
[Performance] UpdateAllMenus                                                                                                 :        1 samples, Peak.  1.83 ms (1.0x), Avg.  1.83 ms, Total. 1.830 ms (0.0%)
[Performance] EditorSceneManager.sceneClosing: UnityEditor.SceneVisibilityManager.EditorSceneManagerOnSceneClosing           :        1 samples, Peak.   781 us (1.0x), Avg.   781 us, Total. 780.7 us (0.0%)
[Performance] GUIView.RepaintAll.PlayerLoopController                                                                        :        1 samples, Peak.  1.06 us (1.0x), Avg.  1.06 us, Total. 1.062 us (0.0%)
[Performance] EditorSceneManager.newSceneCreated: UnityEditor.SceneTemplate.SceneTemplateService.OnNewSceneCreated           :        1 samples, Peak.  2.89 ms (1.0x), Avg.  2.89 ms, Total. 2.887 ms (0.0%)
[Performance] EditorSceneManager.newSceneCreated: UnityEditor.SceneVisibilityManager.EditorSceneManagerOnNewSceneCreated     :        1 samples, Peak.   421 us (1.0x), Avg.   421 us, Total. 420.6 us (0.0%)
[Performance] EditorSceneManager.newSceneCreated: UnityEditor.SceneManagement.StageNavigationManager.OnNewSceneCreated       :        1 samples, Peak.   136 us (1.0x), Avg.   136 us, Total. 136.0 us (0.0%)
[Performance] Application.InvokeFinishedLoadingProject                                                                       :        1 samples, Peak.  20.6 ms (1.0x), Avg.  20.6 ms, Total. 20.63 ms (0.1%)
[Performance] ProcessService.OnProjectLoaded                                                                                 :        1 samples, Peak.   160 us (1.0x), Avg.   160 us, Total. 159.7 us (0.0%)
[Performance] VersionControl.Task.Wait                                                                                       :        1 samples, Peak.  12.6 us (1.0x), Avg.  12.6 us, Total. 12.64 us (0.0%)
[Performance] EditorApplication.quitting: UnityEditor.SettingsManagement.FileSettingsRepository.Save                         :        1 samples, Peak.  2.88 ms (1.0x), Avg.  2.88 ms, Total. 2.879 ms (0.0%)
[Performance] EditorApplication.quitting: callback in UnityEditor.TextCore.Text.EditorEventCallbacks                         :        1 samples, Peak.  20.6 ms (1.0x), Avg.  20.6 ms, Total. 20.62 ms (0.1%)
[Performance] Killing ADB server                                                                                             :        1 samples, Peak.   111 ms (1.0x), Avg.   111 ms, Total. 111.5 ms (0.5%)
[Performance] Application.Shutdown.PauseProfilerSession                                                                      :        1 samples, Peak.   206 us (1.0x), Avg.   206 us, Total. 206.1 us (0.0%)
[Performance] Application.Shutdown.PauseAssetImportWorkers                                                                   :        1 samples, Peak.  3.65 ms (1.0x), Avg.  3.65 ms, Total. 3.649 ms (0.0%)
[Performance] Application.Shutdown.SaveAssets                                                                                :        1 samples, Peak.  19.9 ms (1.0x), Avg.  19.9 ms, Total. 19.88 ms (0.1%)
[Performance] FlowMacroSavedEvent.OnWillSaveAssets                                                                           :        1 samples, Peak.   442 us (1.0x), Avg.   442 us, Total. 442.0 us (0.0%)
[Performance] StateMacroSavedEvent.OnWillSaveAssets                                                                          :        1 samples, Peak.   313 us (1.0x), Avg.   313 us, Total. 312.7 us (0.0%)
[Performance] AssetModificationProcessor.OnWillSaveAssets                                                                    :        1 samples, Peak.   593 us (1.0x), Avg.   593 us, Total. 592.7 us (0.0%)
[Performance] BuilderAssetModificationProcessor.OnWillSaveAssets                                                             :        1 samples, Peak.  1.14 ms (1.0x), Avg.  1.14 ms, Total. 1.138 ms (0.0%)
[Performance] TerrainModificationProcessor.OnWillSaveAssets                                                                  :        1 samples, Peak.  1.52 ms (1.0x), Avg.  1.52 ms, Total. 1.518 ms (0.0%)
[Performance] AssetDatabase.ImportAssets                                                                                     :        2 samples, Peak.   822 ns (1.7x), Avg.   471 ns, Total. 942.0 ns (0.0%)
[Performance] Application.Shutdown.CleanupRenderPipeline                                                                     :        1 samples, Peak.  24.4 us (1.0x), Avg.  24.4 us, Total. 24.37 us (0.0%)
[Performance] Application.Shutdown.StopPreloadManager                                                                        :        1 samples, Peak.  10.1 ms (1.0x), Avg.  10.1 ms, Total. 10.14 ms (0.0%)
[Performance] Application.Shutdown.DestroyWorld                                                                              :        1 samples, Peak.  1.42 ms (1.0x), Avg.  1.42 ms, Total. 1.424 ms (0.0%)
[Performance] Application.Shutdown.CleanupAfterLoad                                                                          :        1 samples, Peak.  11.1 ms (1.0x), Avg.  11.1 ms, Total. 11.11 ms (0.0%)
[Performance] Application.Shutdown.Progress                                                                                  :        1 samples, Peak.  82.4 us (1.0x), Avg.  82.4 us, Total. 82.36 us (0.0%)
[Performance] Application.Shutdown.GICleanupManagers                                                                         :        1 samples, Peak.   172 ms (1.0x), Avg.   172 ms, Total. 171.5 ms (0.7%)
[Performance] Application.Shutdown.MenuCleanupClass                                                                          :        1 samples, Peak.   408 us (1.0x), Avg.   408 us, Total. 408.1 us (0.0%)
[Performance] Application.Shutdown.ADBSaveStateBeforeShutdown                                                                :        1 samples, Peak.  15.8 us (1.0x), Avg.  15.8 us, Total. 15.78 us (0.0%)
[Performance] Application.Shutdown.RemoteShutdown                                                                            :        1 samples, Peak.  1.92 us (1.0x), Avg.  1.92 us, Total. 1.924 us (0.0%)
[Performance] Application.Shutdown.CleanupVCProvider                                                                         :        1 samples, Peak.  15.8 us (1.0x), Avg.  15.8 us, Total. 15.84 us (0.0%)
[Performance] Application.Shutdown.InputShutdown                                                                             :        1 samples, Peak.  3.68 us (1.0x), Avg.  3.68 us, Total. 3.677 us (0.0%)
[Performance] Application.Shutdown.GizmoManagerDestroy                                                                       :        1 samples, Peak.  1.88 ms (1.0x), Avg.  1.88 ms, Total. 1.880 ms (0.0%)
[Performance] Application.Shutdown.ProfilerSession                                                                           :        1 samples, Peak.   522 us (1.0x), Avg.   522 us, Total. 522.2 us (0.0%)
[Performance] Application.Shutdown.ReleaseGfxWindowOnAllGUIViews                                                             :        1 samples, Peak.  1.68 us (1.0x), Avg.  1.68 us, Total. 1.683 us (0.0%)
[Performance] Application.Shutdown.CleanupEngine                                                                             :        1 samples, Peak.   178 ms (1.0x), Avg.   178 ms, Total. 177.9 ms (0.7%)
[Performance] Application.Shutdown.CleanupAssetDatabase                                                                      :        1 samples, Peak.  9.55 ms (1.0x), Avg.  9.55 ms, Total. 9.548 ms (0.0%)
[Performance] Application.Shutdown.ScriptCompilationCleanUp                                                                  :        1 samples, Peak.  4.40 s (1.0x), Avg.  4.40 s, Total. 4.396 s (18.0%)
[Performance] Application.Shutdown.DestroyJobSystem                                                                          :        1 samples, Peak.   298 us (1.0x), Avg.   298 us, Total. 298.0 us (0.0%)
[Performance] Application.Shutdown.CleanupPersistentManager                                                                  :        1 samples, Peak.  4.58 ms (1.0x), Avg.  4.58 ms, Total. 4.580 ms (0.0%)
[Performance] Application.Shutdown.CleanupAsyncReadManager                                                                   :        1 samples, Peak.   232 us (1.0x), Avg.   232 us, Total. 231.9 us (0.0%)
[Performance] Application.Shutdown.CleanupMono                                                                               :        1 samples, Peak.   145 ms (1.0x), Avg.   145 ms, Total. 144.7 ms (0.6%)
[Performance] Application.Shutdown.CleanupStdConverters                                                                      :        1 samples, Peak.  26.9 us (1.0x), Avg.  26.9 us, Total. 26.89 us (0.0%)
[Performance] Application.Shutdown.UnloadAllPlatformSupportModuleNativeDlls                                                  :        1 samples, Peak.  1.50 us (1.0x), Avg.  1.50 us, Total. 1.503 us (0.0%)
[Performance] Application.Shutdown.UnloadAllPlatformSupportNativeLibraries                                                   :        1 samples, Peak.   451 ns (1.0x), Avg.   451 ns, Total. 451.0 ns (0.0%)
[Performance] Application.Shutdown.CleanupAutoDocumentation                                                                  :        1 samples, Peak.   703 us (1.0x), Avg.   703 us, Total. 703.0 us (0.0%)
[Performance] Application.Shutdown.ShaderNameManagerDestroy                                                                  :        1 samples, Peak.   116 us (1.0x), Avg.   116 us, Total. 115.8 us (0.0%)
[Performance] Application.Shutdown.CleanupCacheServer                                                                        :        1 samples, Peak.   602 ns (1.0x), Avg.   602 ns, Total. 602.0 ns (0.0%)
[Performance] Application.Shutdown.Virtualization_Shutdown                                                                   :        1 samples, Peak.  1.17 us (1.0x), Avg.  1.17 us, Total. 1.173 us (0.0%)
[Performance] Application.Shutdown.DevConnections                                                                            :        1 samples, Peak.  87.7 us (1.0x), Avg.  87.7 us, Total. 87.73 us (0.0%)
Exiting batchmode successfully now!
